<?xml version="1.0" encoding="UTF-8"?>
<!-- Generated by org.testng.reporters.JUnitXMLReporter -->
<testsuite ignored="0" hostname="LAPTOP-SRCJA9U0" failures="0" tests="3" name="Test" time="44.986" errors="0" timestamp="2024-06-30T12:07:02 IST">
  <testcase classname="testCases.LoginTestCase" name="loginWithValidCredentials" time="6.517"/>
  <testcase classname="testCases.LoginTestCase" name="loginwithInvalidPassword" time="2.463"/>
  <testcase classname="testCases.RecruitmentaddCandidateTest" name="addCandidate" time="16.368"/>
</testsuite> <!-- Test -->
