<?xml version="1.0" encoding="UTF-8"?>
<testng-results ignored="0" total="3" passed="3" failed="0" skipped="0">
  <reporter-output>
  </reporter-output>
  <suite started-at="2024-06-30T12:06:17 IST" name="Suite" finished-at="2024-06-30T12:07:02 IST" duration-ms="44986">
    <groups>
    </groups>
    <test started-at="2024-06-30T12:06:17 IST" name="Test" finished-at="2024-06-30T12:07:02 IST" duration-ms="44986">
      <class name="testCases.LoginTestCase">
        <test-method is-config="true" signature="setUp(java.lang.String)[pri:0, instance:testCases.LoginTestCase@5ab956d7]" started-at="2024-06-30T12:06:18 IST" name="setUp" finished-at="2024-06-30T12:06:24 IST" duration-ms="5645" status="PASS">
          <params>
            <param index="0">
              <value>
                <![CDATA[Chrome]]>
              </value>
            </param>
          </params>
          <reporter-output>
          </reporter-output>
        </test-method> <!-- setUp -->
        <test-method signature="loginWithValidCredentials()[pri:1, instance:testCases.LoginTestCase@5ab956d7]" started-at="2024-06-30T12:06:24 IST" name="loginWithValidCredentials" finished-at="2024-06-30T12:06:30 IST" duration-ms="6517" status="PASS">
          <reporter-output>
          </reporter-output>
        </test-method> <!-- loginWithValidCredentials -->
        <test-method is-config="true" signature="tearDown()[pri:0, instance:testCases.LoginTestCase@5ab956d7]" started-at="2024-06-30T12:06:30 IST" name="tearDown" finished-at="2024-06-30T12:06:31 IST" duration-ms="629" status="PASS">
          <reporter-output>
          </reporter-output>
        </test-method> <!-- tearDown -->
        <test-method is-config="true" signature="setUp(java.lang.String)[pri:0, instance:testCases.LoginTestCase@5ab956d7]" started-at="2024-06-30T12:06:31 IST" name="setUp" finished-at="2024-06-30T12:06:37 IST" duration-ms="6024" status="PASS">
          <params>
            <param index="0">
              <value>
                <![CDATA[Chrome]]>
              </value>
            </param>
          </params>
          <reporter-output>
          </reporter-output>
        </test-method> <!-- setUp -->
        <test-method signature="loginwithInvalidPassword()[pri:2, instance:testCases.LoginTestCase@5ab956d7]" started-at="2024-06-30T12:06:37 IST" name="loginwithInvalidPassword" finished-at="2024-06-30T12:06:39 IST" duration-ms="2463" status="PASS">
          <reporter-output>
          </reporter-output>
        </test-method> <!-- loginwithInvalidPassword -->
        <test-method is-config="true" signature="tearDown()[pri:0, instance:testCases.LoginTestCase@5ab956d7]" started-at="2024-06-30T12:06:39 IST" name="tearDown" finished-at="2024-06-30T12:06:40 IST" duration-ms="363" status="PASS">
          <reporter-output>
          </reporter-output>
        </test-method> <!-- tearDown -->
      </class> <!-- testCases.LoginTestCase -->
      <class name="testCases.RecruitmentaddCandidateTest">
        <test-method is-config="true" signature="setUp()[pri:0, instance:testCases.RecruitmentaddCandidateTest@3a7442c7]" started-at="2024-06-30T12:06:40 IST" name="setUp" finished-at="2024-06-30T12:06:46 IST" duration-ms="6079" status="PASS">
          <reporter-output>
          </reporter-output>
        </test-method> <!-- setUp -->
        <test-method signature="addCandidate()[pri:0, instance:testCases.RecruitmentaddCandidateTest@3a7442c7]" started-at="2024-06-30T12:06:46 IST" name="addCandidate" finished-at="2024-06-30T12:07:02 IST" duration-ms="16368" status="PASS">
          <reporter-output>
          </reporter-output>
        </test-method> <!-- addCandidate -->
        <test-method is-config="true" signature="tearDown()[pri:0, instance:testCases.RecruitmentaddCandidateTest@3a7442c7]" started-at="2024-06-30T12:07:02 IST" name="tearDown" finished-at="2024-06-30T12:07:02 IST" duration-ms="0" status="PASS">
          <reporter-output>
          </reporter-output>
        </test-method> <!-- tearDown -->
      </class> <!-- testCases.RecruitmentaddCandidateTest -->
    </test> <!-- Test -->
  </suite> <!-- Suite -->
</testng-results>
